<?xml version="1.0" encoding="UTF-8"?>
<!-- Generated by org.testng.reporters.JUnitXMLReporter -->
<testsuite ignored="2" hostname="Deepikas-MacBook-Air.local" failures="0" tests="2" name="Grouping Test" time="0.015" errors="0" timestamp="2024-08-02T07:41:17 PDT">
  <testcase classname="grouping.GroupingTest" name="test1" time="0.002"/>
  <testcase classname="grouping.GroupingTest" name="test3" time="0.001"/>
  <testcase classname="grouping.GroupingTest" name="test2" time="0.0">
    <ignored/>
  </testcase> <!-- test2 -->
  <testcase classname="grouping.GroupingTest" name="test4" time="0.0">
    <ignored/>
  </testcase> <!-- test4 -->
</testsuite> <!-- Grouping Test -->
